c:\users\pc\desktop\331vsqt\qtwidgetsapplication1\x64\debug\moc_mywidget1.obj
c:\users\pc\desktop\331vsqt\qtwidgetsapplication1\x64\debug\moc_qtwidgetsapplication1.obj
c:\users\pc\desktop\331vsqt\qtwidgetsapplication1\x64\debug\vc142.pdb
c:\users\pc\desktop\331vsqt\qtwidgetsapplication1\x64\debug\vc142.idb
c:\users\pc\desktop\331vsqt\qtwidgetsapplication1\x64\debug\qrc_qtwidgetsapplication1.obj
c:\users\pc\desktop\331vsqt\qtwidgetsapplication1\x64\debug\moc_widget2.obj
c:\users\pc\desktop\331vsqt\qtwidgetsapplication1\x64\debug\moc_myqchartview.obj
c:\users\pc\desktop\331vsqt\qtwidgetsapplication1\x64\debug\qtwidgetsapplication1.exe
c:\users\pc\desktop\331vsqt\qtwidgetsapplication1\x64\debug\qtwidgetsapplication1.ilk
c:\users\pc\desktop\331vsqt\qtwidgetsapplication1\x64\debug\qtwidgetsapplication1.pdb
c:\users\pc\desktop\331vsqt\qtwidgetsapplication1\x64\debug\qt\moc\moc_qtwidgetsapplication1.cpp
c:\users\pc\desktop\331vsqt\qtwidgetsapplication1\x64\debug\qt\uic\ui_qtwidgetsapplication1.h
c:\users\pc\desktop\331vsqt\qtwidgetsapplication1\x64\debug\qt\rcc\qrc_qtwidgetsapplication1.cpp
c:\users\pc\desktop\331vsqt\qtwidgetsapplication1\x64\debug\qt\moc\moc_widget2.cpp
c:\users\pc\desktop\331vsqt\qtwidgetsapplication1\x64\debug\qt\moc\moc_mywidget1.cpp
c:\users\pc\desktop\331vsqt\qtwidgetsapplication1\x64\debug\qt\moc\moc_myqchartview.cpp
c:\users\pc\desktop\331vsqt\qtwidgetsapplication1\x64\debug\main.obj
c:\users\pc\desktop\331vsqt\qtwidgetsapplication1\x64\debug\qtwidgetsapplication1.obj
c:\users\pc\desktop\331vsqt\qtwidgetsapplication1\x64\debug\qtwidget.53f8886a.tlog\cl.command.1.tlog
c:\users\pc\desktop\331vsqt\qtwidgetsapplication1\x64\debug\qtwidget.53f8886a.tlog\cl.read.1.tlog
c:\users\pc\desktop\331vsqt\qtwidgetsapplication1\x64\debug\qtwidget.53f8886a.tlog\cl.write.1.tlog
c:\users\pc\desktop\331vsqt\qtwidgetsapplication1\x64\debug\qtwidget.53f8886a.tlog\link.command.1.tlog
c:\users\pc\desktop\331vsqt\qtwidgetsapplication1\x64\debug\qtwidget.53f8886a.tlog\link.read.1.tlog
c:\users\pc\desktop\331vsqt\qtwidgetsapplication1\x64\debug\qtwidget.53f8886a.tlog\link.write.1.tlog
c:\users\pc\desktop\331vsqt\qtwidgetsapplication1\x64\debug\qtwidget.53f8886a.tlog\moc.read.1u.tlog
c:\users\pc\desktop\331vsqt\qtwidgetsapplication1\x64\debug\qtwidget.53f8886a.tlog\moc.write.1u.tlog
c:\users\pc\desktop\331vsqt\qtwidgetsapplication1\x64\debug\qtwidget.53f8886a.tlog\qtwidgetsapplication1.write.1u.tlog
c:\users\pc\desktop\331vsqt\qtwidgetsapplication1\x64\debug\qtwidget.53f8886a.tlog\rcc.read.1u.tlog
c:\users\pc\desktop\331vsqt\qtwidgetsapplication1\x64\debug\qtwidget.53f8886a.tlog\rcc.write.1u.tlog
c:\users\pc\desktop\331vsqt\qtwidgetsapplication1\x64\debug\qtwidget.53f8886a.tlog\uic.read.1u.tlog
c:\users\pc\desktop\331vsqt\qtwidgetsapplication1\x64\debug\qtwidget.53f8886a.tlog\uic.write.1u.tlog
